*** Starting uWSGI 2.0.20 (64bit) on [Sun Dec 19 18:14:46 2021] ***
compiled with version: Clang 11.1.0 on 29 October 2021 15:45:46
os: Darwin-20.4.0 Darwin Kernel Version 20.4.0: Thu Apr 22 21:46:41 PDT 2021; root:xnu-7195.101.2~1/RELEASE_ARM64_T8101
nodename: liuyukangdeMacBook-Air.local
machine: x86_64
clock source: unix
pcre jit disabled
detected number of CPU cores: 8
current working directory: /Users/liuyukang/Django project/Cloud_Notebook/notebook/notebook
writing pidfile to uwsgi.pid
detected binary path: /opt/homebrew/anaconda3/envs/django_v2.2.12/bin/uwsgi
chdir() to /Users/liuyukang/Django project/Cloud_Notebook/notebook/notebook
your processes number limit is 2666
your memory page size is 4096 bytes
detected max file descriptor number: 10240
lock engine: OSX spinlocks
thunder lock: disabled (you can enable it with --thunder-lock)
uWSGI http bound on 127.0.0.1:8000 fd 4
uwsgi socket 0 bound to TCP address 127.0.0.1:55432 (port auto-assigned) fd 3
Python version: 3.7.12 | packaged by conda-forge | (default, Oct 26 2021, 05:57:50)  [Clang 11.1.0 ]
Python main interpreter initialized at 0x7feb88e06140
python threads support enabled
your server socket listen backlog is limited to 100 connections
your mercy for graceful operations on workers is 60 seconds
mapped 166720 bytes (162 KB) for 2 cores
*** Operational MODE: threaded ***
failed to open python file notebook/wsgi.py
unable to load app 0 (mountpoint='') (callable not found or import error)
*** no app loaded. going in full dynamic mode ***
*** uWSGI is running in multiple interpreter mode ***
spawned uWSGI master process (pid: 31683)
spawned uWSGI worker 1 (pid: 31686, cores: 2)
spawned uWSGI http 1 (pid: 31688)
--- no python application found, check your startup logs for errors ---
[pid: 31686|app: -1|req: -1/1] 127.0.0.1 () {38 vars in 749 bytes} [Sun Dec 19 18:16:07 2021] GET /index => generated 21 bytes in 0 msecs (HTTP/1.1 500) 2 headers in 83 bytes (0 switches on core 0)
--- no python application found, check your startup logs for errors ---
[pid: 31686|app: -1|req: -1/2] 127.0.0.1 () {34 vars in 537 bytes} [Sun Dec 19 18:16:07 2021] GET /apple-touch-icon-precomposed.png => generated 21 bytes in 0 msecs (HTTP/1.1 500) 2 headers in 83 bytes (0 switches on core 1)
--- no python application found, check your startup logs for errors ---
[pid: 31686|app: -1|req: -1/3] 127.0.0.1 () {34 vars in 513 bytes} [Sun Dec 19 18:16:07 2021] GET /apple-touch-icon.png => generated 21 bytes in 0 msecs (HTTP/1.1 500) 2 headers in 83 bytes (0 switches on core 0)
--- no python application found, check your startup logs for errors ---
[pid: 31686|app: -1|req: -1/4] 127.0.0.1 () {38 vars in 749 bytes} [Sun Dec 19 18:16:08 2021] GET /index => generated 21 bytes in 0 msecs (HTTP/1.1 500) 2 headers in 83 bytes (0 switches on core 1)
--- no python application found, check your startup logs for errors ---
[pid: 31686|app: -1|req: -1/5] 127.0.0.1 () {38 vars in 765 bytes} [Sun Dec 19 18:16:20 2021] GET /note/add_note => generated 21 bytes in 0 msecs (HTTP/1.1 500) 2 headers in 83 bytes (1 switches on core 0)
--- no python application found, check your startup logs for errors ---
[pid: 31686|app: -1|req: -1/6] 127.0.0.1 () {38 vars in 765 bytes} [Sun Dec 19 18:16:24 2021] GET /note/add_note => generated 21 bytes in 0 msecs (HTTP/1.1 500) 2 headers in 83 bytes (1 switches on core 1)
--- no python application found, check your startup logs for errors ---
[pid: 31686|app: -1|req: -1/7] 127.0.0.1 () {38 vars in 765 bytes} [Sun Dec 19 18:19:07 2021] GET /note/add_note => generated 21 bytes in 0 msecs (HTTP/1.1 500) 2 headers in 83 bytes (0 switches on core 0)
--- no python application found, check your startup logs for errors ---
[pid: 31686|app: -1|req: -1/8] 127.0.0.1 () {38 vars in 765 bytes} [Sun Dec 19 18:19:08 2021] GET /note/add_note => generated 21 bytes in 0 msecs (HTTP/1.1 500) 2 headers in 83 bytes (1 switches on core 1)
--- no python application found, check your startup logs for errors ---
[pid: 31686|app: -1|req: -1/9] 127.0.0.1 () {38 vars in 765 bytes} [Sun Dec 19 18:19:08 2021] GET /note/add_note => generated 21 bytes in 0 msecs (HTTP/1.1 500) 2 headers in 83 bytes (0 switches on core 0)
--- no python application found, check your startup logs for errors ---
[pid: 31686|app: -1|req: -1/10] 127.0.0.1 () {38 vars in 765 bytes} [Sun Dec 19 18:19:09 2021] GET /note/add_note => generated 21 bytes in 0 msecs (HTTP/1.1 500) 2 headers in 83 bytes (0 switches on core 1)
SIGINT/SIGTERM received...killing workers...
gateway "uWSGI http 1" has been buried (pid: 31688)
worker 1 buried after 1 seconds
goodbye to uWSGI.
*** Starting uWSGI 2.0.20 (64bit) on [Sun Dec 19 18:21:38 2021] ***
compiled with version: Clang 11.1.0 on 29 October 2021 15:45:46
os: Darwin-20.4.0 Darwin Kernel Version 20.4.0: Thu Apr 22 21:46:41 PDT 2021; root:xnu-7195.101.2~1/RELEASE_ARM64_T8101
nodename: liuyukangdeMacBook-Air.local
machine: x86_64
clock source: unix
pcre jit disabled
detected number of CPU cores: 8
current working directory: /Users/liuyukang/Django project/Cloud_Notebook/notebook/notebook
writing pidfile to uwsgi.pid
detected binary path: /opt/homebrew/anaconda3/envs/django_v2.2.12/bin/uwsgi
chdir() to /Users/liuyukang/Django project/Cloud_Notebook/notebook/notebook
your processes number limit is 2666
your memory page size is 4096 bytes
detected max file descriptor number: 10240
lock engine: OSX spinlocks
thunder lock: disabled (you can enable it with --thunder-lock)
uWSGI http bound on 127.0.0.1:8000 fd 4
uwsgi socket 0 bound to TCP address 127.0.0.1:55761 (port auto-assigned) fd 3
Python version: 3.7.12 | packaged by conda-forge | (default, Oct 26 2021, 05:57:50)  [Clang 11.1.0 ]
Python main interpreter initialized at 0x7f7fdae06c90
python threads support enabled
your server socket listen backlog is limited to 100 connections
your mercy for graceful operations on workers is 60 seconds
mapped 166720 bytes (162 KB) for 2 cores
*** Operational MODE: threaded ***
failed to open python file notebook/wsgi.py
unable to load app 0 (mountpoint='') (callable not found or import error)
*** no app loaded. going in full dynamic mode ***
*** uWSGI is running in multiple interpreter mode ***
spawned uWSGI master process (pid: 31989)
spawned uWSGI worker 1 (pid: 31993, cores: 2)
spawned uWSGI http 1 (pid: 31995)
--- no python application found, check your startup logs for errors ---
[pid: 31993|app: -1|req: -1/1] 127.0.0.1 () {38 vars in 765 bytes} [Sun Dec 19 18:21:46 2021] GET /note/add_note => generated 21 bytes in 0 msecs (HTTP/1.1 500) 2 headers in 83 bytes (0 switches on core 0)
SIGINT/SIGTERM received...killing workers...
gateway "uWSGI http 1" has been buried (pid: 31995)
worker 1 buried after 1 seconds
goodbye to uWSGI.
*** Starting uWSGI 2.0.20 (64bit) on [Sun Dec 19 18:24:32 2021] ***
compiled with version: Clang 11.1.0 on 29 October 2021 15:45:46
os: Darwin-20.4.0 Darwin Kernel Version 20.4.0: Thu Apr 22 21:46:41 PDT 2021; root:xnu-7195.101.2~1/RELEASE_ARM64_T8101
nodename: liuyukangdeMacBook-Air.local
machine: x86_64
clock source: unix
pcre jit disabled
detected number of CPU cores: 8
current working directory: /Users/liuyukang/Django project/Cloud_Notebook/notebook/notebook
writing pidfile to uwsgi.pid
detected binary path: /opt/homebrew/anaconda3/envs/django_v2.2.12/bin/uwsgi
chdir() to /Users/liuyukang/Django project/Cloud_Notebook/notebook
your processes number limit is 2666
your memory page size is 4096 bytes
detected max file descriptor number: 10240
lock engine: OSX spinlocks
thunder lock: disabled (you can enable it with --thunder-lock)
uWSGI http bound on 127.0.0.1:8000 fd 4
uwsgi socket 0 bound to TCP address 127.0.0.1:55831 (port auto-assigned) fd 3
Python version: 3.7.12 | packaged by conda-forge | (default, Oct 26 2021, 05:57:50)  [Clang 11.1.0 ]
Python main interpreter initialized at 0x7ff5439065b0
python threads support enabled
your server socket listen backlog is limited to 100 connections
your mercy for graceful operations on workers is 60 seconds
mapped 166720 bytes (162 KB) for 2 cores
*** Operational MODE: threaded ***
WSGI app 0 (mountpoint='') ready in 2 seconds on interpreter 0x7ff5439065b0 pid: 32141 (default app)
*** uWSGI is running in multiple interpreter mode ***
spawned uWSGI master process (pid: 32141)
spawned uWSGI worker 1 (pid: 32157, cores: 2)
spawned uWSGI http 1 (pid: 32158)
Invalid HTTP_HOST header: 'localhost:8000'. You may need to add 'localhost' to ALLOWED_HOSTS.
Bad Request: /note/add_note
[pid: 32157|app: 0|req: 1/1] 127.0.0.1 () {38 vars in 765 bytes} [Mon Dec 20 02:24:45 2021] GET /note/add_note => generated 56113 bytes in 61 msecs (HTTP/1.1 400) 1 headers in 53 bytes (1 switches on core 0)
Invalid HTTP_HOST header: 'localhost:8000'. You may need to add 'localhost' to ALLOWED_HOSTS.
Bad Request: /note/add_note
[pid: 32157|app: 0|req: 2/2] 127.0.0.1 () {38 vars in 765 bytes} [Mon Dec 20 02:24:46 2021] GET /note/add_note => generated 56113 bytes in 39 msecs (HTTP/1.1 400) 1 headers in 53 bytes (1 switches on core 1)
SIGINT/SIGTERM received...killing workers...
gateway "uWSGI http 1" has been buried (pid: 32158)
worker 1 buried after 1 seconds
goodbye to uWSGI.
*** Starting uWSGI 2.0.20 (64bit) on [Sun Dec 19 18:25:27 2021] ***
compiled with version: Clang 11.1.0 on 29 October 2021 15:45:46
os: Darwin-20.4.0 Darwin Kernel Version 20.4.0: Thu Apr 22 21:46:41 PDT 2021; root:xnu-7195.101.2~1/RELEASE_ARM64_T8101
nodename: liuyukangdeMacBook-Air.local
machine: x86_64
clock source: unix
pcre jit disabled
detected number of CPU cores: 8
current working directory: /Users/liuyukang/Django project/Cloud_Notebook/notebook/notebook
writing pidfile to uwsgi.pid
detected binary path: /opt/homebrew/anaconda3/envs/django_v2.2.12/bin/uwsgi
chdir() to /Users/liuyukang/Django project/Cloud_Notebook/notebook
your processes number limit is 2666
your memory page size is 4096 bytes
detected max file descriptor number: 10240
lock engine: OSX spinlocks
thunder lock: disabled (you can enable it with --thunder-lock)
uWSGI http bound on 127.0.0.1:8000 fd 4
uwsgi socket 0 bound to TCP address 127.0.0.1:55877 (port auto-assigned) fd 3
Python version: 3.7.12 | packaged by conda-forge | (default, Oct 26 2021, 05:57:50)  [Clang 11.1.0 ]
Python main interpreter initialized at 0x7fde86d067a0
python threads support enabled
your server socket listen backlog is limited to 100 connections
your mercy for graceful operations on workers is 60 seconds
mapped 166720 bytes (162 KB) for 2 cores
*** Operational MODE: threaded ***
WSGI app 0 (mountpoint='') ready in 0 seconds on interpreter 0x7fde86d067a0 pid: 32225 (default app)
*** uWSGI is running in multiple interpreter mode ***
spawned uWSGI master process (pid: 32225)
spawned uWSGI worker 1 (pid: 32239, cores: 2)
spawned uWSGI http 1 (pid: 32240)
Mymw process_request do ---
Mymw2 process_request do ---
Mymw process_views do ---
Mymw2 process_views do ---
MyMW2 process_response do ---
MyMW process_response do ---
[pid: 32239|app: 0|req: 1/1] 127.0.0.1 () {38 vars in 765 bytes} [Mon Dec 20 02:25:29 2021] GET /note/add_note => generated 403 bytes in 65 msecs (HTTP/1.1 200) 4 headers in 123 bytes (2 switches on core 0)
Mymw process_request do ---
Mymw2 process_request do ---
Mymw process_views do ---
Mymw2 process_views do ---
MyMW2 process_response do ---
MyMW process_response do ---
[pid: 32239|app: 0|req: 2/2] 127.0.0.1 () {46 vars in 922 bytes} [Mon Dec 20 02:27:36 2021] POST /note/add_note => generated 22 bytes in 44 msecs (HTTP/1.1 200) 4 headers in 122 bytes (1 switches on core 1)
Mymw process_request do ---
Mymw2 process_request do ---
Mymw process_views do ---
Mymw2 process_views do ---
MyMW2 process_response do ---
MyMW process_response do ---
[pid: 32239|app: 0|req: 3/3] 127.0.0.1 () {38 vars in 765 bytes} [Mon Dec 20 02:27:40 2021] GET /note/add_note => generated 403 bytes in 31 msecs (HTTP/1.1 200) 4 headers in 123 bytes (1 switches on core 0)
Mymw process_request do ---
Mymw2 process_request do ---
Mymw process_views do ---
Mymw2 process_views do ---
MyMW2 process_response do ---
MyMW process_response do ---
[pid: 32239|app: 0|req: 4/4] 127.0.0.1 () {38 vars in 749 bytes} [Mon Dec 20 02:27:43 2021] GET /index => generated 266 bytes in 34 msecs (HTTP/1.1 200) 4 headers in 123 bytes (1 switches on core 1)
Mymw process_request do ---
Mymw2 process_request do ---
Mymw process_views do ---
Mymw2 process_views do ---
MyMW2 process_response do ---
MyMW process_response do ---
[pid: 32239|app: 0|req: 5/5] 127.0.0.1 () {40 vars in 798 bytes} [Mon Dec 20 02:27:45 2021] GET /note/all => generated 1482 bytes in 44 msecs (HTTP/1.1 200) 4 headers in 124 bytes (1 switches on core 0)
SIGINT/SIGTERM received...killing workers...
gateway "uWSGI http 1" has been buried (pid: 32240)
worker 1 buried after 1 seconds
goodbye to uWSGI.
*** Starting uWSGI 2.0.20 (64bit) on [Sun Dec 19 19:39:03 2021] ***
compiled with version: Clang 11.1.0 on 29 October 2021 15:45:46
os: Darwin-20.4.0 Darwin Kernel Version 20.4.0: Thu Apr 22 21:46:41 PDT 2021; root:xnu-7195.101.2~1/RELEASE_ARM64_T8101
nodename: liuyukangdeMacBook-Air.local
machine: x86_64
clock source: unix
pcre jit disabled
detected number of CPU cores: 8
current working directory: /Users/liuyukang/Django project/Cloud_Notebook/notebook/notebook
writing pidfile to uwsgi.pid
detected binary path: /opt/homebrew/anaconda3/envs/django_v2.2.12/bin/uwsgi
chdir() to /Users/liuyukang/Django project/Cloud_Notebook/notebook
your processes number limit is 2666
your memory page size is 4096 bytes
detected max file descriptor number: 10240
lock engine: OSX spinlocks
thunder lock: disabled (you can enable it with --thunder-lock)
uwsgi socket 0 bound to TCP address 127.0.0.1:8000 fd 3
Python version: 3.7.12 | packaged by conda-forge | (default, Oct 26 2021, 05:57:50)  [Clang 11.1.0 ]
Python main interpreter initialized at 0x7f91f2c0b7f0
python threads support enabled
your server socket listen backlog is limited to 100 connections
your mercy for graceful operations on workers is 60 seconds
mapped 166720 bytes (162 KB) for 2 cores
*** Operational MODE: threaded ***
WSGI app 0 (mountpoint='') ready in 0 seconds on interpreter 0x7f91f2c0b7f0 pid: 37347 (default app)
*** uWSGI is running in multiple interpreter mode ***
spawned uWSGI master process (pid: 37347)
spawned uWSGI worker 1 (pid: 37361, cores: 2)
invalid request block size: 21573 (max 4096)...skip
invalid request block size: 21573 (max 4096)...skip
invalid request block size: 21573 (max 4096)...skip
Mymw process_request do ---
Mymw2 process_request do ---
MyMW2 process_response do ---
MyMW process_response do ---
Not Found: /note
[pid: 37361|app: 0|req: 1/1] 127.0.0.1 () {42 vars in 804 bytes} [Mon Dec 20 03:40:07 2021] GET /note => generated 2268 bytes in 40 msecs (HTTP/1.1 404) 3 headers in 102 bytes (2 switches on core 1)
Mymw process_request do ---
Mymw2 process_request do ---
MyMW2 process_response do ---
MyMW process_response do ---
Not Found: /note/add
[pid: 37361|app: 0|req: 2/2] 127.0.0.1 () {42 vars in 812 bytes} [Mon Dec 20 03:40:12 2021] GET /note/add => generated 2830 bytes in 6 msecs (HTTP/1.1 404) 3 headers in 102 bytes (1 switches on core 0)
Mymw process_request do ---
Mymw2 process_request do ---
Mymw process_views do ---
Mymw2 process_views do ---
MyMW2 process_response do ---
MyMW process_response do ---
[pid: 37361|app: 0|req: 3/3] 127.0.0.1 () {42 vars in 812 bytes} [Mon Dec 20 03:40:19 2021] GET /note/all => generated 1482 bytes in 126 msecs (HTTP/1.1 200) 4 headers in 124 bytes (2 switches on core 1)
Mymw process_request do ---
Mymw2 process_request do ---
Mymw process_views do ---
Mymw2 process_views do ---
MyMW2 process_response do ---
MyMW process_response do ---
[pid: 37361|app: 0|req: 4/4] 127.0.0.1 () {42 vars in 812 bytes} [Mon Dec 20 03:46:19 2021] GET /note/all => generated 1482 bytes in 43 msecs (HTTP/1.1 200) 4 headers in 124 bytes (1 switches on core 0)
[pid: 37361|app: 0|req: 5/5] 127.0.0.1 () {42 vars in 806 bytes} [Mon Dec 20 03:46:21 2021] GET /admin => generated 0 bytes in 2 msecs (HTTP/1.1 301) 3 headers in 112 bytes (1 switches on core 1)
Mymw process_request do ---
Mymw2 process_request do ---
Mymw process_views do ---
Mymw2 process_views do ---
MyMW2 process_response do ---
MyMW process_response do ---
[pid: 37361|app: 0|req: 6/6] 127.0.0.1 () {42 vars in 808 bytes} [Mon Dec 20 03:46:21 2021] GET /admin/ => generated 0 bytes in 52 msecs (HTTP/1.1 302) 7 headers in 265 bytes (1 switches on core 0)
Mymw process_request do ---
Mymw2 process_request do ---
Mymw process_views do ---
Mymw2 process_views do ---
MyMW2 process_response do ---
MyMW process_response do ---
[pid: 37361|app: 0|req: 7/7] 127.0.0.1 () {42 vars in 845 bytes} [Mon Dec 20 03:46:21 2021] GET /admin/login/?next=/admin/ => generated 1819 bytes in 50 msecs (HTTP/1.1 200) 7 headers in 395 bytes (1 switches on core 1)
Mymw process_request do ---
Mymw2 process_request do ---
Mymw process_request do ---
Mymw2 process_request do ---
MyMW2 process_response do ---
MyMW process_response do ---
Not Found: /static/admin/css/base.css
[pid: 37361|app: 0|req: 9/8] 127.0.0.1 () {42 vars in 829 bytes} [Mon Dec 20 03:46:21 2021] GET /static/admin/css/base.css => generated 2331 bytes in 4 msecs (HTTP/1.1 404) 3 headers in 102 bytes (1 switches on core 0)
MyMW2 process_response do ---
Mymw process_request do ---
MyMW process_response do ---
Mymw2 process_request do ---
Not Found: /static/admin/css/login.css
[pid: 37361|app: 0|req: 10/9] 127.0.0.1 () {42 vars in 831 bytes} [Mon Dec 20 03:46:21 2021] GET /static/admin/css/login.css => generated 2334 bytes in 4 msecs (HTTP/1.1 404) 3 headers in 102 bytes (2 switches on core 1)
MyMW2 process_response do ---
MyMW process_response do ---
Not Found: /static/admin/css/responsive.css
[pid: 37361|app: 0|req: 10/10] 127.0.0.1 () {42 vars in 841 bytes} [Mon Dec 20 03:46:21 2021] GET /static/admin/css/responsive.css => generated 2349 bytes in 2 msecs (HTTP/1.1 404) 3 headers in 102 bytes (1 switches on core 0)
Mymw process_request do ---
Mymw2 process_request do ---
Mymw process_views do ---
Mymw2 process_views do ---
MyMW2 process_response do ---
MyMW process_response do ---
[pid: 37361|app: 0|req: 11/11] 127.0.0.1 () {44 vars in 871 bytes} [Mon Dec 20 03:46:23 2021] GET /admin/ => generated 0 bytes in 33 msecs (HTTP/1.1 302) 7 headers in 265 bytes (2 switches on core 1)
Mymw process_request do ---
Mymw2 process_request do ---
Mymw process_views do ---
Mymw2 process_views do ---
MyMW2 process_response do ---
MyMW process_response do ---
[pid: 37361|app: 0|req: 12/12] 127.0.0.1 () {44 vars in 908 bytes} [Mon Dec 20 03:46:24 2021] GET /admin/login/?next=/admin/ => generated 1819 bytes in 46 msecs (HTTP/1.1 200) 7 headers in 395 bytes (1 switches on core 0)
Mymw process_request do ---
Mymw2 process_request do ---
Mymw process_request do ---
Mymw2 process_request do ---
MyMW2 process_response do ---
MyMW process_response do ---
Not Found: /static/admin/css/base.css
MyMW2 process_response do ---
MyMW process_response do ---
Not Found: /static/admin/css/login.css
[pid: 37361|app: 0|req: 14/13] 127.0.0.1 () {42 vars in 829 bytes} [Mon Dec 20 03:46:24 2021] GET /static/admin/css/base.css => generated 2331 bytes in 7 msecs (HTTP/1.1 404) 3 headers in 102 bytes (1 switches on core 1)
[pid: 37361|app: 0|req: 14/14] 127.0.0.1 () {42 vars in 831 bytes} [Mon Dec 20 03:46:24 2021] GET /static/admin/css/login.css => generated 2334 bytes in 7 msecs (HTTP/1.1 404) 3 headers in 102 bytes (2 switches on core 0)
Mymw process_request do ---
Mymw2 process_request do ---
MyMW2 process_response do ---
MyMW process_response do ---
Not Found: /static/admin/css/responsive.css
[pid: 37361|app: 0|req: 15/15] 127.0.0.1 () {42 vars in 841 bytes} [Mon Dec 20 03:46:24 2021] GET /static/admin/css/responsive.css => generated 2349 bytes in 3 msecs (HTTP/1.1 404) 3 headers in 102 bytes (1 switches on core 1)
SIGINT/SIGTERM received...killing workers...
worker 1 buried after 1 seconds
goodbye to uWSGI.
*** Starting uWSGI 2.0.20 (64bit) on [Sun Dec 19 20:13:14 2021] ***
compiled with version: Clang 11.1.0 on 29 October 2021 15:45:46
os: Darwin-20.4.0 Darwin Kernel Version 20.4.0: Thu Apr 22 21:46:41 PDT 2021; root:xnu-7195.101.2~1/RELEASE_ARM64_T8101
nodename: liuyukangdeMacBook-Air.local
machine: x86_64
clock source: unix
pcre jit disabled
detected number of CPU cores: 8
current working directory: /Users/liuyukang/Django project/Cloud_Notebook/notebook/notebook
writing pidfile to uwsgi.pid
detected binary path: /opt/homebrew/anaconda3/envs/django_v2.2.12/bin/uwsgi
chdir() to /Users/liuyukang/Django project/Cloud_Notebook/notebook
your processes number limit is 2666
your memory page size is 4096 bytes
detected max file descriptor number: 10240
lock engine: OSX spinlocks
thunder lock: disabled (you can enable it with --thunder-lock)
uwsgi socket 0 bound to TCP address 127.0.0.1:8000 fd 3
Python version: 3.7.12 | packaged by conda-forge | (default, Oct 26 2021, 05:57:50)  [Clang 11.1.0 ]
Python main interpreter initialized at 0x7fd1a8506160
python threads support enabled
your server socket listen backlog is limited to 100 connections
your mercy for graceful operations on workers is 60 seconds
mapped 166720 bytes (162 KB) for 2 cores
*** Operational MODE: threaded ***
WSGI app 0 (mountpoint='') ready in 0 seconds on interpreter 0x7fd1a8506160 pid: 38695 (default app)
*** uWSGI is running in multiple interpreter mode ***
spawned uWSGI master process (pid: 38695)
spawned uWSGI worker 1 (pid: 38709, cores: 2)
SIGINT/SIGTERM received...killing workers...
worker 1 buried after 1 seconds
goodbye to uWSGI.
*** Starting uWSGI 2.0.20 (64bit) on [Sun Dec 19 20:22:05 2021] ***
compiled with version: Clang 11.1.0 on 29 October 2021 15:45:46
os: Darwin-20.4.0 Darwin Kernel Version 20.4.0: Thu Apr 22 21:46:41 PDT 2021; root:xnu-7195.101.2~1/RELEASE_ARM64_T8101
nodename: liuyukangdeMacBook-Air.local
machine: x86_64
clock source: unix
pcre jit disabled
detected number of CPU cores: 8
current working directory: /Users/liuyukang/Django_project/Cloud_Notebook/notebook/notebook
writing pidfile to uwsgi.pid
detected binary path: /opt/homebrew/anaconda3/envs/django_v2.2.12/bin/uwsgi
chdir() to /Users/liuyukang/Django project/Cloud_Notebook/notebook
chdir(): No such file or directory [core/uwsgi.c line 2625]
*** Starting uWSGI 2.0.20 (64bit) on [Sun Dec 19 20:25:55 2021] ***
compiled with version: Clang 11.1.0 on 29 October 2021 15:45:46
os: Darwin-20.4.0 Darwin Kernel Version 20.4.0: Thu Apr 22 21:46:41 PDT 2021; root:xnu-7195.101.2~1/RELEASE_ARM64_T8101
nodename: liuyukangdeMacBook-Air.local
machine: x86_64
clock source: unix
pcre jit disabled
detected number of CPU cores: 8
current working directory: /Users/liuyukang/Django_project/Cloud_Notebook/notebook/notebook
writing pidfile to uwsgi.pid
detected binary path: /opt/homebrew/anaconda3/envs/django_v2.2.12/bin/uwsgi
chdir() to /Users/liuyukang/Django project/Cloud_Notebook/notebook
chdir(): No such file or directory [core/uwsgi.c line 2625]
*** Starting uWSGI 2.0.20 (64bit) on [Sun Dec 19 20:26:29 2021] ***
compiled with version: Clang 11.1.0 on 29 October 2021 15:45:46
os: Darwin-20.4.0 Darwin Kernel Version 20.4.0: Thu Apr 22 21:46:41 PDT 2021; root:xnu-7195.101.2~1/RELEASE_ARM64_T8101
nodename: liuyukangdeMacBook-Air.local
machine: x86_64
clock source: unix
pcre jit disabled
detected number of CPU cores: 8
current working directory: /Users/liuyukang/Django_project/Cloud_Notebook/notebook/notebook
writing pidfile to uwsgi.pid
detected binary path: /opt/homebrew/anaconda3/envs/django_v2.2.12/bin/uwsgi
chdir() to /Users/liuyukang/Django project/Cloud_Notebook/notebook
chdir(): No such file or directory [core/uwsgi.c line 2625]
*** Starting uWSGI 2.0.20 (64bit) on [Sun Dec 19 20:27:35 2021] ***
compiled with version: Clang 11.1.0 on 29 October 2021 15:45:46
os: Darwin-20.4.0 Darwin Kernel Version 20.4.0: Thu Apr 22 21:46:41 PDT 2021; root:xnu-7195.101.2~1/RELEASE_ARM64_T8101
nodename: liuyukangdeMacBook-Air.local
machine: x86_64
clock source: unix
pcre jit disabled
detected number of CPU cores: 8
current working directory: /Users/liuyukang/Django_project/Cloud_Notebook/notebook/notebook
writing pidfile to uwsgi.pid
detected binary path: /opt/homebrew/anaconda3/envs/django_v2.2.12/bin/uwsgi
chdir() to /Users/liuyukang/Django_project/Cloud_Notebook/notebook
your processes number limit is 2666
your memory page size is 4096 bytes
detected max file descriptor number: 10240
lock engine: OSX spinlocks
thunder lock: disabled (you can enable it with --thunder-lock)
uwsgi socket 0 bound to TCP address 127.0.0.1:8000 fd 3
Python version: 3.7.12 | packaged by conda-forge | (default, Oct 26 2021, 05:57:50)  [Clang 11.1.0 ]
Python main interpreter initialized at 0x7f830f507580
python threads support enabled
your server socket listen backlog is limited to 100 connections
your mercy for graceful operations on workers is 60 seconds
mapped 166720 bytes (162 KB) for 2 cores
*** Operational MODE: threaded ***
WSGI app 0 (mountpoint='') ready in 0 seconds on interpreter 0x7f830f507580 pid: 39912 (default app)
*** uWSGI is running in multiple interpreter mode ***
spawned uWSGI master process (pid: 39912)
spawned uWSGI worker 1 (pid: 39926, cores: 2)
Mymw process_request do ---
Mymw2 process_request do ---
Mymw process_views do ---
Mymw2 process_views do ---
MyMW2 process_response do ---
MyMW process_response do ---
[pid: 39926|app: 0|req: 1/1] 127.0.0.1 () {42 vars in 808 bytes} [Mon Dec 20 04:27:40 2021] GET /admin/ => generated 0 bytes in 65 msecs (HTTP/1.1 302) 7 headers in 265 bytes (1 switches on core 0)
Mymw process_request do ---
Mymw2 process_request do ---
Mymw process_views do ---
Mymw2 process_views do ---
MyMW2 process_response do ---
MyMW process_response do ---
[pid: 39926|app: 0|req: 2/2] 127.0.0.1 () {42 vars in 845 bytes} [Mon Dec 20 04:27:41 2021] GET /admin/login/?next=/admin/ => generated 1819 bytes in 33 msecs (HTTP/1.1 200) 7 headers in 395 bytes (2 switches on core 1)
Mymw process_request do ---
Mymw2 process_request do ---
Mymw process_views do ---
Mymw2 process_views do ---
MyMW2 process_response do ---
MyMW process_response do ---
[pid: 39926|app: 0|req: 3/3] 127.0.0.1 () {42 vars in 845 bytes} [Mon Dec 20 04:27:41 2021] GET /admin/login/?next=/admin/ => generated 1819 bytes in 31 msecs (HTTP/1.1 200) 7 headers in 395 bytes (1 switches on core 0)
Mymw process_request do ---
Mymw2 process_request do ---
Mymw process_views do ---
Mymw2 process_views do ---
MyMW2 process_response do ---
MyMW process_response do ---
[pid: 39926|app: 0|req: 4/4] 127.0.0.1 () {42 vars in 808 bytes} [Mon Dec 20 04:27:49 2021] GET /admin/ => generated 0 bytes in 33 msecs (HTTP/1.1 302) 7 headers in 265 bytes (1 switches on core 1)
Mymw process_request do ---
Mymw2 process_request do ---
Mymw process_views do ---
Mymw2 process_views do ---
MyMW2 process_response do ---
MyMW process_response do ---
[pid: 39926|app: 0|req: 5/5] 127.0.0.1 () {42 vars in 845 bytes} [Mon Dec 20 04:27:49 2021] GET /admin/login/?next=/admin/ => generated 1819 bytes in 69 msecs (HTTP/1.1 200) 7 headers in 395 bytes (1 switches on core 0)
Mymw process_request do ---
Mymw2 process_request do ---
Mymw process_views do ---
Mymw2 process_views do ---
MyMW2 process_response do ---
MyMW process_response do ---
[pid: 39926|app: 0|req: 6/6] 127.0.0.1 () {42 vars in 808 bytes} [Mon Dec 20 04:27:49 2021] GET /admin/ => generated 0 bytes in 29 msecs (HTTP/1.1 302) 7 headers in 265 bytes (1 switches on core 1)
Mymw process_request do ---
Mymw2 process_request do ---
Mymw process_views do ---
Mymw2 process_views do ---
MyMW2 process_response do ---
MyMW process_response do ---
[pid: 39926|app: 0|req: 7/7] 127.0.0.1 () {42 vars in 845 bytes} [Mon Dec 20 04:27:49 2021] GET /admin/login/?next=/admin/ => generated 1819 bytes in 34 msecs (HTTP/1.1 200) 7 headers in 395 bytes (1 switches on core 0)
Mymw process_request do ---
Mymw2 process_request do ---
Mymw process_views do ---
Mymw2 process_views do ---
MyMW2 process_response do ---
MyMW process_response do ---
[pid: 39926|app: 0|req: 8/8] 127.0.0.1 () {42 vars in 845 bytes} [Mon Dec 20 04:28:37 2021] GET /admin/login/?next=/admin/ => generated 1819 bytes in 52 msecs (HTTP/1.1 200) 7 headers in 395 bytes (1 switches on core 1)
SIGINT/SIGTERM received...killing workers...
worker 1 buried after 1 seconds
goodbye to uWSGI.
*** Starting uWSGI 2.0.20 (64bit) on [Sun Dec 19 20:32:49 2021] ***
compiled with version: Clang 11.1.0 on 29 October 2021 15:45:46
os: Darwin-20.4.0 Darwin Kernel Version 20.4.0: Thu Apr 22 21:46:41 PDT 2021; root:xnu-7195.101.2~1/RELEASE_ARM64_T8101
nodename: liuyukangdeMacBook-Air.local
machine: x86_64
clock source: unix
pcre jit disabled
detected number of CPU cores: 8
current working directory: /Users/liuyukang/Django_project/Cloud_Notebook/notebook/notebook
writing pidfile to uwsgi.pid
detected binary path: /opt/homebrew/anaconda3/envs/django_v2.2.12/bin/uwsgi
chdir() to /Users/liuyukang/Django_project/Cloud_Notebook/notebook
your processes number limit is 2666
your memory page size is 4096 bytes
detected max file descriptor number: 10240
lock engine: OSX spinlocks
thunder lock: disabled (you can enable it with --thunder-lock)
uwsgi socket 0 bound to TCP address 127.0.0.1:8000 fd 3
Python version: 3.7.12 | packaged by conda-forge | (default, Oct 26 2021, 05:57:50)  [Clang 11.1.0 ]
Python main interpreter initialized at 0x7fed5b5063f0
python threads support enabled
your server socket listen backlog is limited to 100 connections
your mercy for graceful operations on workers is 60 seconds
mapped 166720 bytes (162 KB) for 2 cores
*** Operational MODE: threaded ***
WSGI app 0 (mountpoint='') ready in 1 seconds on interpreter 0x7fed5b5063f0 pid: 40307 (default app)
*** uWSGI is running in multiple interpreter mode ***
spawned uWSGI master process (pid: 40307)
spawned uWSGI worker 1 (pid: 40321, cores: 2)
Mymw process_request do ---
Mymw2 process_request do ---
Mymw process_views do ---
Mymw2 process_views do ---
MyMW2 process_response do ---
MyMW process_response do ---
[pid: 40321|app: 0|req: 1/1] 127.0.0.1 () {42 vars in 808 bytes} [Mon Dec 20 04:33:00 2021] GET /admin/ => generated 0 bytes in 94 msecs (HTTP/1.1 302) 7 headers in 265 bytes (1 switches on core 0)
Mymw process_request do ---
Mymw2 process_request do ---
Mymw process_views do ---
Mymw2 process_views do ---
MyMW2 process_response do ---
MyMW process_response do ---
[pid: 40321|app: 0|req: 2/2] 127.0.0.1 () {42 vars in 845 bytes} [Mon Dec 20 04:33:00 2021] GET /admin/login/?next=/admin/ => generated 1819 bytes in 35 msecs (HTTP/1.1 200) 7 headers in 395 bytes (2 switches on core 1)
Mymw process_request do ---
Mymw2 process_request do ---
Mymw process_views do ---
Mymw2 process_views do ---
MyMW2 process_response do ---
MyMW process_response do ---
[pid: 40321|app: 0|req: 3/3] 127.0.0.1 () {42 vars in 808 bytes} [Mon Dec 20 04:33:05 2021] GET /admin/ => generated 0 bytes in 35 msecs (HTTP/1.1 302) 7 headers in 265 bytes (2 switches on core 0)
Mymw process_request do ---
Mymw2 process_request do ---
Mymw process_views do ---
Mymw2 process_views do ---
MyMW2 process_response do ---
MyMW process_response do ---
[pid: 40321|app: 0|req: 4/4] 127.0.0.1 () {42 vars in 845 bytes} [Mon Dec 20 04:33:05 2021] GET /admin/login/?next=/admin/ => generated 1819 bytes in 43 msecs (HTTP/1.1 200) 7 headers in 395 bytes (1 switches on core 1)
Mymw process_request do ---
Mymw2 process_request do ---
Mymw process_views do ---
Mymw2 process_views do ---
MyMW2 process_response do ---
MyMW process_response do ---
[pid: 40321|app: 0|req: 5/5] 127.0.0.1 () {42 vars in 808 bytes} [Mon Dec 20 04:33:07 2021] GET /admin/ => generated 0 bytes in 31 msecs (HTTP/1.1 302) 7 headers in 265 bytes (1 switches on core 0)
Mymw process_request do ---
Mymw2 process_request do ---
Mymw process_views do ---
Mymw2 process_views do ---
MyMW2 process_response do ---
MyMW process_response do ---
[pid: 40321|app: 0|req: 6/6] 127.0.0.1 () {42 vars in 845 bytes} [Mon Dec 20 04:33:07 2021] GET /admin/login/?next=/admin/ => generated 1819 bytes in 53 msecs (HTTP/1.1 200) 7 headers in 395 bytes (2 switches on core 1)
Mymw process_request do ---
Mymw2 process_request do ---
Mymw process_views do ---
Mymw2 process_views do ---
MyMW2 process_response do ---
MyMW process_response do ---
[pid: 40321|app: 0|req: 7/7] 127.0.0.1 () {42 vars in 845 bytes} [Mon Dec 20 04:33:11 2021] GET /admin/login/?next=/admin/ => generated 1819 bytes in 51 msecs (HTTP/1.1 200) 7 headers in 395 bytes (1 switches on core 0)
Mymw process_request do ---
Mymw2 process_request do ---
Mymw process_views do ---
Mymw2 process_views do ---
MyMW2 process_response do ---
MyMW process_response do ---
[pid: 40321|app: 0|req: 8/8] 127.0.0.1 () {42 vars in 808 bytes} [Mon Dec 20 04:33:13 2021] GET /admin/ => generated 0 bytes in 33 msecs (HTTP/1.1 302) 7 headers in 265 bytes (1 switches on core 1)
Mymw process_request do ---
Mymw2 process_request do ---
Mymw process_views do ---
Mymw2 process_views do ---
MyMW2 process_response do ---
MyMW process_response do ---
[pid: 40321|app: 0|req: 9/9] 127.0.0.1 () {42 vars in 845 bytes} [Mon Dec 20 04:33:13 2021] GET /admin/login/?next=/admin/ => generated 1819 bytes in 42 msecs (HTTP/1.1 200) 7 headers in 395 bytes (1 switches on core 0)
Mymw process_request do ---
Mymw2 process_request do ---
Mymw process_views do ---
Mymw2 process_views do ---
MyMW2 process_response do ---
MyMW process_response do ---
[pid: 40321|app: 0|req: 10/10] 127.0.0.1 () {42 vars in 808 bytes} [Mon Dec 20 04:33:14 2021] GET /admin/ => generated 0 bytes in 31 msecs (HTTP/1.1 302) 7 headers in 265 bytes (1 switches on core 1)
Mymw process_request do ---
Mymw2 process_request do ---
Mymw process_views do ---
Mymw2 process_views do ---
MyMW2 process_response do ---
MyMW process_response do ---
[pid: 40321|app: 0|req: 11/11] 127.0.0.1 () {42 vars in 845 bytes} [Mon Dec 20 04:33:14 2021] GET /admin/login/?next=/admin/ => generated 1819 bytes in 49 msecs (HTTP/1.1 200) 7 headers in 395 bytes (2 switches on core 0)
Mymw process_request do ---
Mymw2 process_request do ---
Mymw process_views do ---
Mymw2 process_views do ---
MyMW2 process_response do ---
MyMW process_response do ---
[pid: 40321|app: 0|req: 12/12] 127.0.0.1 () {42 vars in 845 bytes} [Mon Dec 20 04:33:15 2021] GET /admin/login/?next=/admin/ => generated 1819 bytes in 47 msecs (HTTP/1.1 200) 7 headers in 395 bytes (1 switches on core 1)
Mymw process_request do ---
Mymw2 process_request do ---
Mymw process_views do ---
Mymw2 process_views do ---
MyMW2 process_response do ---
MyMW process_response do ---
[pid: 40321|app: 0|req: 13/13] 127.0.0.1 () {44 vars in 848 bytes} [Mon Dec 20 04:33:18 2021] GET /note/all => generated 1482 bytes in 42 msecs (HTTP/1.1 200) 4 headers in 124 bytes (2 switches on core 0)
Mymw process_request do ---
Mymw2 process_request do ---
Mymw process_views do ---
Mymw2 process_views do ---
MyMW2 process_response do ---
MyMW process_response do ---
[pid: 40321|app: 0|req: 14/14] 127.0.0.1 () {42 vars in 812 bytes} [Mon Dec 20 04:33:19 2021] GET /note/all => generated 1482 bytes in 38 msecs (HTTP/1.1 200) 4 headers in 124 bytes (1 switches on core 1)
Mymw process_request do ---
Mymw2 process_request do ---
MyMW2 process_response do ---
MyMW process_response do ---
Not Found: /note/index
[pid: 40321|app: 0|req: 15/15] 127.0.0.1 () {42 vars in 816 bytes} [Mon Dec 20 04:33:20 2021] GET /note/index => generated 2836 bytes in 6 msecs (HTTP/1.1 404) 3 headers in 102 bytes (2 switches on core 0)
Mymw process_request do ---
Mymw2 process_request do ---
Mymw process_views do ---
Mymw2 process_views do ---
MyMW2 process_response do ---
MyMW process_response do ---
[pid: 40321|app: 0|req: 16/16] 127.0.0.1 () {42 vars in 812 bytes} [Mon Dec 20 04:33:25 2021] GET /note/all => generated 1482 bytes in 37 msecs (HTTP/1.1 200) 4 headers in 124 bytes (2 switches on core 1)
Mymw process_request do ---
Mymw2 process_request do ---
Mymw process_views do ---
Mymw2 process_views do ---
MyMW2 process_response do ---
MyMW process_response do ---
[pid: 40321|app: 0|req: 17/17] 127.0.0.1 () {42 vars in 812 bytes} [Mon Dec 20 04:33:26 2021] GET /note/all => generated 1482 bytes in 40 msecs (HTTP/1.1 200) 4 headers in 124 bytes (1 switches on core 0)
SIGINT/SIGTERM received...killing workers...
worker 1 buried after 1 seconds
goodbye to uWSGI.
*** Starting uWSGI 2.0.20 (64bit) on [Sun Dec 19 20:39:38 2021] ***
compiled with version: Clang 11.1.0 on 29 October 2021 15:45:46
os: Darwin-20.4.0 Darwin Kernel Version 20.4.0: Thu Apr 22 21:46:41 PDT 2021; root:xnu-7195.101.2~1/RELEASE_ARM64_T8101
nodename: liuyukangdeMacBook-Air.local
machine: x86_64
clock source: unix
pcre jit disabled
detected number of CPU cores: 8
current working directory: /Users/liuyukang/Django_project/Cloud_Notebook/notebook/notebook
writing pidfile to uwsgi.pid
detected binary path: /opt/homebrew/anaconda3/envs/django_v2.2.12/bin/uwsgi
chdir() to /Users/liuyukang/Django_project/Cloud_Notebook/notebook
your processes number limit is 2666
your memory page size is 4096 bytes
detected max file descriptor number: 10240
lock engine: OSX spinlocks
thunder lock: disabled (you can enable it with --thunder-lock)
uwsgi socket 0 bound to TCP address 127.0.0.1:8000 fd 3
Python version: 3.7.12 | packaged by conda-forge | (default, Oct 26 2021, 05:57:50)  [Clang 11.1.0 ]
Python main interpreter initialized at 0x7feee0c0bbe0
python threads support enabled
your server socket listen backlog is limited to 100 connections
your mercy for graceful operations on workers is 60 seconds
mapped 166720 bytes (162 KB) for 2 cores
*** Operational MODE: threaded ***
WSGI app 0 (mountpoint='') ready in 0 seconds on interpreter 0x7feee0c0bbe0 pid: 40978 (default app)
*** uWSGI is running in multiple interpreter mode ***
spawned uWSGI master process (pid: 40978)
spawned uWSGI worker 1 (pid: 40993, cores: 2)
Mymw process_request do ---
Mymw2 process_request do ---
Mymw process_views do ---
Mymw2 process_views do ---
MyMW2 process_response do ---
MyMW process_response do ---
[pid: 40993|app: 0|req: 1/1] 127.0.0.1 () {42 vars in 845 bytes} [Mon Dec 20 04:39:49 2021] GET /admin/login/?next=/admin/ => generated 1819 bytes in 119 msecs (HTTP/1.1 200) 7 headers in 395 bytes (1 switches on core 0)
Mymw process_request do ---
Mymw2 process_request do ---
Mymw process_views do ---
Mymw2 process_views do ---
MyMW2 process_response do ---
MyMW process_response do ---
[pid: 40993|app: 0|req: 2/2] 127.0.0.1 () {42 vars in 845 bytes} [Mon Dec 20 04:39:52 2021] GET /admin/login/?next=/admin/ => generated 1819 bytes in 52 msecs (HTTP/1.1 200) 7 headers in 395 bytes (1 switches on core 1)
Mymw process_request do ---
Mymw2 process_request do ---
Mymw process_views do ---
Mymw2 process_views do ---
MyMW2 process_response do ---
MyMW process_response do ---
[pid: 40993|app: 0|req: 3/3] 127.0.0.1 () {42 vars in 808 bytes} [Mon Dec 20 04:39:52 2021] GET /admin/ => generated 0 bytes in 32 msecs (HTTP/1.1 302) 7 headers in 265 bytes (1 switches on core 0)
Mymw process_request do ---
Mymw2 process_request do ---
Mymw process_views do ---
Mymw2 process_views do ---
MyMW2 process_response do ---
MyMW process_response do ---
[pid: 40993|app: 0|req: 4/4] 127.0.0.1 () {42 vars in 845 bytes} [Mon Dec 20 04:39:52 2021] GET /admin/login/?next=/admin/ => generated 1819 bytes in 62 msecs (HTTP/1.1 200) 7 headers in 395 bytes (1 switches on core 1)
